<?xml version="1.0" encoding="UTF-8"?>
<coverage generated="1789485432">
  <project timestamp="1789485432" name="Clover Coverage">
    <file name="/Users/teacat/Documents/PHP/php-project-48/src/Differ.php">
      <line num="8" type="stmt" count="6"/>
      <line num="9" type="stmt" count="6"/>
      <line num="10" type="stmt" count="6"/>
      <line num="16" type="stmt" count="6"/>
      <line num="17" type="stmt" count="6"/>
      <line num="19" type="stmt" count="6"/>
      <line num="20" type="stmt" count="6"/>
      <line num="21" type="stmt" count="6"/>
      <line num="23" type="stmt" count="6"/>
      <line num="25" type="stmt" count="6"/>
      <line num="26" type="stmt" count="6"/>
      <line num="27" type="stmt" count="6"/>
      <line num="29" type="stmt" count="6"/>
      <line num="30" type="stmt" count="6"/>
      <line num="31" type="stmt" count="6"/>
      <line num="33" type="stmt" count="3"/>
      <line num="34" type="stmt" count="3"/>
      <line num="36" type="stmt" count="3"/>
      <line num="37" type="stmt" count="2"/>
      <line num="39" type="stmt" count="2"/>
      <line num="43" type="stmt" count="6"/>
      <line num="45" type="stmt" count="6"/>
      <metrics loc="47" ncloc="47" classes="0" methods="0" coveredmethods="0" conditionals="0" coveredconditionals="0" statements="22" coveredstatements="22" elements="22" coveredelements="22"/>
    </file>
    <package name="Gendiff\Exceptions">
      <file name="/Users/teacat/Documents/PHP/php-project-48/src/Exceptions/UnsupportedFileFormatException.php">
        <class name="Gendiff\Exceptions\UnsupportedFileFormatException" namespace="Gendiff\Exceptions">
          <metrics complexity="0" methods="0" coveredmethods="0" conditionals="0" coveredconditionals="0" statements="0" coveredstatements="0" elements="0" coveredelements="0"/>
        </class>
        <metrics loc="8" ncloc="8" classes="0" methods="0" coveredmethods="0" conditionals="0" coveredconditionals="0" statements="0" coveredstatements="0" elements="0" coveredelements="0"/>
      </file>
    </package>
    <package name="Gendiff">
      <file name="/Users/teacat/Documents/PHP/php-project-48/src/Parser.php">
        <class name="Gendiff\Parser" namespace="Gendiff">
          <metrics complexity="4" methods="1" coveredmethods="0" conditionals="0" coveredconditionals="0" statements="8" coveredstatements="7" elements="9" coveredelements="7"/>
        </class>
        <line num="9" type="method" name="parse" visibility="public" complexity="4" crap="4.03" count="6"/>
        <line num="11" type="stmt" count="6"/>
        <line num="12" type="stmt" count="6"/>
        <line num="14" type="stmt" count="6"/>
        <line num="15" type="stmt" count="6"/>
        <line num="16" type="stmt" count="0"/>
        <line num="17" type="stmt" count="6"/>
        <line num="18" type="stmt" count="6"/>
        <line num="19" type="stmt" count="6"/>
        <metrics loc="23" ncloc="23" classes="1" methods="1" coveredmethods="0" conditionals="0" coveredconditionals="0" statements="8" coveredstatements="7" elements="9" coveredelements="7"/>
      </file>
    </package>
    <metrics files="3" loc="78" ncloc="78" classes="1" methods="1" coveredmethods="0" conditionals="0" coveredconditionals="0" statements="30" coveredstatements="29" elements="31" coveredelements="29"/>
  </project>
</coverage>
